WaveMaker: Starting WaveMaker ...
WaveMaker: 	Scanning for Shutdown Port:
WaveMaker: 		Testing port: 8019
WaveMaker: 		Port 8019 is available.
WaveMaker: 	Selected Shutdown Port: 8019
WaveMaker: 	Scanning for Service Port: 
WaveMaker: 		Testing port: 8094
WaveMaker: 		Port 8094 is available.
WaveMaker: 	Selected Service Port: 8094
WaveMaker: Studio Version is 6.4.4GA
WaveMaker: Java version is 1.6.0_24
WaveMaker: Starting Tomcat
WaveMaker: Catalina Home is: C:\Users\holub\AppData\Local\Temp\WMCatalinaHome8262310333564137852.temp
29.1.2012 21:24:42 org.apache.catalina.core.AprLifecycleListener init
INFO: The APR based Apache Tomcat Native library which allows optimal performance in production environments was not found on the java.library.path: C:\Program Files\WaveMaker\6.4.4GA\jdk-1.6.0_24\bin;.;C:\windows\Sun\Java\bin;C:\windows\system32;C:\windows;C:\windows\system32;C:\windows;C:\windows\System32\Wbem;c:\Program Files\ActivIdentity\ActivClient\;c:\Program Files\Common Files\Roxio Shared\DLLShared\;c:\Program Files\Common Files\Roxio Shared\10.0\DLLShared\;C:\windows\System32\WindowsPowerShell\v1.0\;C:\Program Files\TortoiseSVN\bin;C:\Program Files\Microsoft SQL Server\100\Tools\Binn\;C:\Program Files\Microsoft SQL Server\100\DTS\Binn\;C:\Program Files\Common Files\Ulead Systems\MPEG;C:\Program Files\QuickTime\QTSystem\
29.1.2012 21:24:43 com.wavemaker.desktop.launcher.MySQLThreadFix lifecycleEvent
INFO: mysql driver loaded
29.1.2012 21:24:43 org.apache.coyote.http11.Http11Protocol init
INFO: Initializing Coyote HTTP/1.1 on http-8094
29.1.2012 21:24:43 org.apache.catalina.startup.Catalina load
INFO: Initialization processed in 1332 ms
29.1.2012 21:24:43 org.apache.catalina.core.StandardService start
INFO: Starting service Catalina
29.1.2012 21:24:43 org.apache.catalina.core.StandardEngine start
INFO: Starting Servlet Engine: Apache Tomcat/6.0.29
29.1.2012 21:24:43 org.apache.catalina.startup.HostConfig deployDescriptor
INFO: Deploying configuration descriptor ConfigurationTool.xml
29.1.2012 21:24:45 org.apache.catalina.core.ApplicationContext log
INFO: Initializing Spring root WebApplicationContext
29.1.2012 21:24:48 org.apache.catalina.session.PersistentManagerBase start
SEVERE: No Store configured, persistence disabled
29.1.2012 21:24:48 org.apache.catalina.core.ApplicationContext log
INFO: Initializing Spring FrameworkServlet 'springapp'
29.1.2012 21:24:49 org.apache.catalina.startup.HostConfig deployDescriptor
INFO: Deploying configuration descriptor manager.xml
29.1.2012 21:24:50 org.apache.catalina.session.PersistentManagerBase start
SEVERE: No Store configured, persistence disabled
29.1.2012 21:24:50 org.apache.catalina.startup.HostConfig deployDescriptor
INFO: Deploying configuration descriptor ROOT.xml
29.1.2012 21:24:50 org.apache.catalina.session.PersistentManagerBase start
SEVERE: No Store configured, persistence disabled
29.1.2012 21:24:50 org.apache.catalina.startup.HostConfig deployDescriptor
INFO: Deploying configuration descriptor wavemaker.xml
29.1.2012 21:24:50 org.apache.catalina.loader.WebappClassLoader validateJarFile
INFO: validateJarFile(C:\Program Files\WaveMaker\6.4.4GA\studio\WEB-INF\lib\servlet-api-2.5.jar) - jar not loaded. See Servlet Spec 2.3, section 9.7.2. Offending class: javax/servlet/Servlet.class
29.1.2012 21:24:51 org.apache.catalina.core.ApplicationContext log
INFO: Initializing Spring root WebApplicationContext
2012-01-29 21:24:55,901 WARN [com.wavemaker.runtime.service.ServiceManager] - <redefining ServiceType JavaService> () 
2012-01-29 21:24:55,904 WARN [com.wavemaker.runtime.service.ServiceManager] - <redefining ServiceType DataService> () 
2012-01-29 21:24:55,905 WARN [com.wavemaker.runtime.service.ServiceManager] - <redefining ServiceType WebService> () 
2012-01-29 21:24:55,909 WARN [com.wavemaker.runtime.service.ServiceManager] - <Attempt to re-add ServiceWire com.wavemaker.runtime.service.reflect.ReflectServiceWire@16b4be5(runtimeService, com.wavemaker.runtime.javaservice.JavaServiceType@1eeb95e)> () 
2012-01-29 21:24:55,918 WARN [com.wavemaker.runtime.service.ServiceManager] - <Attempt to re-add ServiceWire com.wavemaker.runtime.service.reflect.ReflectServiceWire@163f47e(studioService, com.wavemaker.runtime.javaservice.JavaServiceType@1eeb95e)> () 
2012-01-29 21:24:55,918 WARN [com.wavemaker.runtime.service.ServiceManager] - <Attempt to re-add ServiceWire com.wavemaker.runtime.service.reflect.ReflectServiceWire@1487ce8(dataService, com.wavemaker.runtime.javaservice.JavaServiceType@1eeb95e)> () 
2012-01-29 21:24:57,890 WARN [com.wavemaker.runtime.service.ServiceManager] - <Attempt to re-add ServiceWire com.wavemaker.runtime.service.reflect.ReflectServiceWire@715052(javaService, com.wavemaker.runtime.javaservice.JavaServiceType@1eeb95e)> () 
2012-01-29 21:24:57,891 WARN [com.wavemaker.runtime.service.ServiceManager] - <Attempt to re-add ServiceWire com.wavemaker.runtime.service.reflect.ReflectServiceWire@1507544(pagesService, com.wavemaker.runtime.javaservice.JavaServiceType@1eeb95e)> () 
2012-01-29 21:24:57,891 WARN [com.wavemaker.runtime.service.ServiceManager] - <Attempt to re-add ServiceWire com.wavemaker.runtime.service.reflect.ReflectServiceWire@142f024(deploymentService, com.wavemaker.runtime.javaservice.JavaServiceType@1eeb95e)> () 
2012-01-29 21:24:57,891 WARN [com.wavemaker.runtime.service.ServiceManager] - <Attempt to re-add ServiceWire com.wavemaker.runtime.service.reflect.ReflectServiceWire@1a3fe65(cloudFoundryService, com.wavemaker.runtime.javaservice.JavaServiceType@1eeb95e)> () 
2012-01-29 21:24:57,892 WARN [com.wavemaker.runtime.service.ServiceManager] - <Attempt to re-add ServiceWire com.wavemaker.runtime.service.reflect.ReflectServiceWire@192b987(cloudServerService, com.wavemaker.runtime.javaservice.JavaServiceType@1eeb95e)> () 
2012-01-29 21:24:57,892 WARN [com.wavemaker.runtime.service.ServiceManager] - <Attempt to re-add ServiceWire com.wavemaker.runtime.service.reflect.ReflectServiceWire@1d2625d(cloudStorageService, com.wavemaker.runtime.javaservice.JavaServiceType@1eeb95e)> () 
2012-01-29 21:24:57,893 WARN [com.wavemaker.runtime.service.ServiceManager] - <Attempt to re-add ServiceWire com.wavemaker.runtime.service.reflect.ReflectServiceWire@137d0cf(resourceFileService, com.wavemaker.runtime.javaservice.JavaServiceType@1eeb95e)> () 
2012-01-29 21:24:57,894 WARN [com.wavemaker.runtime.service.ServiceManager] - <Attempt to re-add ServiceWire com.wavemaker.runtime.service.reflect.ReflectServiceWire@15e3974(UserService, com.wavemaker.runtime.javaservice.JavaServiceType@1eeb95e)> () 
2012-01-29 21:24:57,894 WARN [com.wavemaker.runtime.service.ServiceManager] - <Attempt to re-add ServiceWire com.wavemaker.runtime.service.reflect.ReflectServiceWire@10e0904(webService, com.wavemaker.runtime.javaservice.JavaServiceType@1eeb95e)> () 
2012-01-29 21:24:57,895 WARN [com.wavemaker.runtime.service.ServiceManager] - <Attempt to re-add ServiceWire com.wavemaker.runtime.service.reflect.ReflectServiceWire@721e92(registrationService, com.wavemaker.runtime.javaservice.JavaServiceType@1eeb95e)> () 
2012-01-29 21:24:57,895 WARN [com.wavemaker.runtime.service.ServiceManager] - <Attempt to re-add ServiceWire com.wavemaker.runtime.service.reflect.ReflectServiceWire@35047f(securityConfigService, com.wavemaker.runtime.javaservice.JavaServiceType@1eeb95e)> () 
2012-01-29 21:24:57,896 WARN [com.wavemaker.runtime.service.ServiceManager] - <Attempt to re-add ServiceWire com.wavemaker.runtime.service.reflect.ReflectServiceWire@ba372f(servicesService, com.wavemaker.runtime.javaservice.JavaServiceType@1eeb95e)> () 
2012-01-29 21:24:57,898 WARN [com.wavemaker.runtime.service.ServiceManager] - <Attempt to re-add ServiceWire com.wavemaker.runtime.service.reflect.ReflectServiceWire@1ba204d(securityService, com.wavemaker.runtime.javaservice.JavaServiceType@1eeb95e)> () 
2012-01-29 21:24:57,898 WARN [com.wavemaker.runtime.service.ServiceManager] - <Attempt to re-add ServiceWire com.wavemaker.runtime.service.reflect.ReflectServiceWire@9eb4a1(CloudDB, com.wavemaker.runtime.data.DataServiceType@d43997)> () 
2012-01-29 21:24:57,901 WARN [com.wavemaker.runtime.service.ServiceManager] - <Attempt to re-add ServiceWire com.wavemaker.runtime.service.reflect.ReflectServiceWire@1a1446d(waveMakerService, com.wavemaker.runtime.javaservice.JavaServiceType@1eeb95e)> () 
2012-01-29 21:24:57,902 WARN [com.wavemaker.runtime.service.ServiceManager] - <Attempt to re-add ServiceWire com.wavemaker.runtime.service.reflect.ReflectServiceWire@938855(pwsImportService, com.wavemaker.runtime.javaservice.JavaServiceType@1eeb95e)> () 
29.1.2012 21:24:59 org.apache.catalina.session.PersistentManagerBase start
SEVERE: No Store configured, persistence disabled
29.1.2012 21:24:59 org.apache.catalina.core.ApplicationContext log
INFO: Initializing Spring FrameworkServlet 'springapp'
29.1.2012 21:24:59 org.apache.coyote.http11.Http11Protocol start
INFO: Starting Coyote HTTP/1.1 on http-8094
29.1.2012 21:24:59 org.apache.catalina.startup.Catalina start
INFO: Server startup in 16246 ms
2012-01-29 21:25:02,964 DEBUG [com.wavemaker.runtime.fileController] - <FileController: C:\Program Files\WaveMaker\6.4.4GA\studioConfig\config.js	 (/config.js)> () 
LOG FOLDER: C:\Users\holub\AppData\Local\Temp\WMCatalinaHome8262310333564137852.temp\logs\ProjectLogs\6.4.4GA | true
WRITE TO C:\Program Files\WaveMaker\6.4.4GA\studioConfig\repo.zip
WROTE TO C:\Program Files\WaveMaker\6.4.4GA\studioConfig\repo.zip
29.1.2012 21:25:39 org.apache.catalina.core.ApplicationContext log
INFO: Manager: init: Associated with Deployer 'Catalina:type=Deployer,host=localhost'
29.1.2012 21:25:39 org.apache.catalina.core.ApplicationContext log
INFO: Manager: init: Global resources are available
29.1.2012 21:25:39 org.apache.catalina.core.ApplicationContext log
INFO: Manager: stop: Stopping web application at '/wavemaker'
29.1.2012 21:25:39 org.apache.catalina.core.ApplicationContext log
INFO: Destroying Spring FrameworkServlet 'springapp'
29.1.2012 21:25:39 org.apache.catalina.core.ApplicationContext log
INFO: Closing Spring root WebApplicationContext
29.1.2012 21:25:39 org.apache.catalina.loader.WebappClassLoader clearThreadLocalMap
SEVERE: The web application [/wavemaker] created a ThreadLocal with key of type [null] (value [com.sun.xml.bind.v2.runtime.Coordinator$1@17e649]) and a value of type [java.lang.Object[]] (value [[Ljava.lang.Object;@10fcdf3]) but failed to remove it when the web application was stopped. This is very likely to create a memory leak.
29.1.2012 21:25:39 org.apache.catalina.loader.WebappClassLoader clearThreadLocalMap
SEVERE: The web application [/wavemaker] created a ThreadLocal with key of type [null] (value [com.sun.xml.bind.v2.ClassFactory$1@9a4ba3]) and a value of type [java.util.WeakHashMap] (value [{class com.wavemaker.tools.service.definitions.Operation$Return=java.lang.ref.WeakReference@1527c4a, class com.wavemaker.tools.service.definitions.DataObject$Element=java.lang.ref.WeakReference@5ddffa, class com.wavemaker.tools.service.definitions.DataObjects=java.lang.ref.WeakReference@11ba4a2, class com.wavemaker.tools.service.definitions.Service=java.lang.ref.WeakReference@1d5b45b, class com.wavemaker.tools.service.definitions.Operation=java.lang.ref.WeakReference@133ef6a, class java.util.ArrayList=java.lang.ref.WeakReference@ab1ff2, class com.wavemaker.tools.service.definitions.Operation$Parameter=java.lang.ref.WeakReference@be568b, class com.wavemaker.tools.service.definitions.DataObject=java.lang.ref.WeakReference@23ed31}]) but failed to remove it when the web application was stopped. This is very likely to create a memory leak.
OK - Stopped application at context path /wavemaker
2012-01-29 21:25:47,845 WARN [com.wavemaker.runtime.service.ServiceManager] - <redefining ServiceType JavaService> () 
2012-01-29 21:25:47,847 WARN [com.wavemaker.runtime.service.ServiceManager] - <redefining ServiceType DataService> () 
2012-01-29 21:25:47,848 WARN [com.wavemaker.runtime.service.ServiceManager] - <redefining ServiceType WebService> () 
2012-01-29 21:25:47,852 WARN [com.wavemaker.runtime.service.ServiceManager] - <Attempt to re-add ServiceWire com.wavemaker.runtime.service.reflect.ReflectServiceWire@13d8fb0(runtimeService, com.wavemaker.runtime.javaservice.JavaServiceType@1172d81)> () 
2012-01-29 21:25:47,861 WARN [com.wavemaker.runtime.service.ServiceManager] - <Attempt to re-add ServiceWire com.wavemaker.runtime.service.reflect.ReflectServiceWire@c39ddc(studioService, com.wavemaker.runtime.javaservice.JavaServiceType@1172d81)> () 
2012-01-29 21:25:47,861 WARN [com.wavemaker.runtime.service.ServiceManager] - <Attempt to re-add ServiceWire com.wavemaker.runtime.service.reflect.ReflectServiceWire@b10618(dataService, com.wavemaker.runtime.javaservice.JavaServiceType@1172d81)> () 
2012-01-29 21:25:49,569 WARN [com.wavemaker.runtime.service.ServiceManager] - <Attempt to re-add ServiceWire com.wavemaker.runtime.service.reflect.ReflectServiceWire@15a0e96(javaService, com.wavemaker.runtime.javaservice.JavaServiceType@1172d81)> () 
2012-01-29 21:25:49,569 WARN [com.wavemaker.runtime.service.ServiceManager] - <Attempt to re-add ServiceWire com.wavemaker.runtime.service.reflect.ReflectServiceWire@173b223(pagesService, com.wavemaker.runtime.javaservice.JavaServiceType@1172d81)> () 
2012-01-29 21:25:49,570 WARN [com.wavemaker.runtime.service.ServiceManager] - <Attempt to re-add ServiceWire com.wavemaker.runtime.service.reflect.ReflectServiceWire@b43967(deploymentService, com.wavemaker.runtime.javaservice.JavaServiceType@1172d81)> () 
2012-01-29 21:25:49,570 WARN [com.wavemaker.runtime.service.ServiceManager] - <Attempt to re-add ServiceWire com.wavemaker.runtime.service.reflect.ReflectServiceWire@24a2c8(cloudFoundryService, com.wavemaker.runtime.javaservice.JavaServiceType@1172d81)> () 
2012-01-29 21:25:49,571 WARN [com.wavemaker.runtime.service.ServiceManager] - <Attempt to re-add ServiceWire com.wavemaker.runtime.service.reflect.ReflectServiceWire@13b3510(cloudServerService, com.wavemaker.runtime.javaservice.JavaServiceType@1172d81)> () 
2012-01-29 21:25:49,571 WARN [com.wavemaker.runtime.service.ServiceManager] - <Attempt to re-add ServiceWire com.wavemaker.runtime.service.reflect.ReflectServiceWire@18de48(cloudStorageService, com.wavemaker.runtime.javaservice.JavaServiceType@1172d81)> () 
2012-01-29 21:25:49,571 WARN [com.wavemaker.runtime.service.ServiceManager] - <Attempt to re-add ServiceWire com.wavemaker.runtime.service.reflect.ReflectServiceWire@a95d88(resourceFileService, com.wavemaker.runtime.javaservice.JavaServiceType@1172d81)> () 
2012-01-29 21:25:49,572 WARN [com.wavemaker.runtime.service.ServiceManager] - <Attempt to re-add ServiceWire com.wavemaker.runtime.service.reflect.ReflectServiceWire@13bc99b(UserService, com.wavemaker.runtime.javaservice.JavaServiceType@1172d81)> () 
2012-01-29 21:25:49,572 WARN [com.wavemaker.runtime.service.ServiceManager] - <Attempt to re-add ServiceWire com.wavemaker.runtime.service.reflect.ReflectServiceWire@30fb71(webService, com.wavemaker.runtime.javaservice.JavaServiceType@1172d81)> () 
2012-01-29 21:25:49,573 WARN [com.wavemaker.runtime.service.ServiceManager] - <Attempt to re-add ServiceWire com.wavemaker.runtime.service.reflect.ReflectServiceWire@1cbd382(registrationService, com.wavemaker.runtime.javaservice.JavaServiceType@1172d81)> () 
2012-01-29 21:25:49,573 WARN [com.wavemaker.runtime.service.ServiceManager] - <Attempt to re-add ServiceWire com.wavemaker.runtime.service.reflect.ReflectServiceWire@ab21a7(securityConfigService, com.wavemaker.runtime.javaservice.JavaServiceType@1172d81)> () 
2012-01-29 21:25:49,573 WARN [com.wavemaker.runtime.service.ServiceManager] - <Attempt to re-add ServiceWire com.wavemaker.runtime.service.reflect.ReflectServiceWire@12e8e93(servicesService, com.wavemaker.runtime.javaservice.JavaServiceType@1172d81)> () 
2012-01-29 21:25:49,575 WARN [com.wavemaker.runtime.service.ServiceManager] - <Attempt to re-add ServiceWire com.wavemaker.runtime.service.reflect.ReflectServiceWire@b45f54(securityService, com.wavemaker.runtime.javaservice.JavaServiceType@1172d81)> () 
2012-01-29 21:25:49,576 WARN [com.wavemaker.runtime.service.ServiceManager] - <Attempt to re-add ServiceWire com.wavemaker.runtime.service.reflect.ReflectServiceWire@1deb45f(CloudDB, com.wavemaker.runtime.data.DataServiceType@acaa28)> () 
2012-01-29 21:25:49,598 WARN [com.wavemaker.runtime.service.ServiceManager] - <Attempt to re-add ServiceWire com.wavemaker.runtime.service.reflect.ReflectServiceWire@18c6b76(waveMakerService, com.wavemaker.runtime.javaservice.JavaServiceType@1172d81)> () 
2012-01-29 21:25:49,599 WARN [com.wavemaker.runtime.service.ServiceManager] - <Attempt to re-add ServiceWire com.wavemaker.runtime.service.reflect.ReflectServiceWire@1e34309(pwsImportService, com.wavemaker.runtime.javaservice.JavaServiceType@1172d81)> () 
OK - Started application at context path /wavemaker
PATH1:D:\wavemaker\common/644GA_patches.js
PATH2:D:\wavemaker\common\644GA_patches.js
PATH3:WRITE
2012-01-29 21:26:48,936 WARN [com.wavemaker.json.type.reflect.ReflectTypeUtils] - <Type requires generic information, but none provided for class "class java.util.Hashtable"> (session F1172B9DECED22738B821CD03B84719B, thread 53 invoke resourceFileService.getResourceFolder) 
2012-01-29 21:26:48,937 WARN [com.wavemaker.json.type.reflect.ReflectTypeUtils] - <Type requires generic information, but none provided for class "class java.util.Hashtable"> () 
2012-01-29 21:26:48,938 WARN [com.wavemaker.json.type.reflect.ReflectTypeUtils] - <Type requires generic information, but none provided for class "class java.util.Hashtable"> () 
2012-01-29 21:26:48,938 WARN [com.wavemaker.json.type.reflect.ReflectTypeUtils] - <Type requires generic information, but none provided for class "class java.util.Hashtable"> () 
2012-01-29 21:26:48,938 WARN [com.wavemaker.json.type.reflect.ReflectTypeUtils] - <Type requires generic information, but none provided for class "class java.util.Hashtable"> () 
2012-01-29 21:26:48,938 WARN [com.wavemaker.json.type.reflect.ReflectTypeUtils] - <Type requires generic information, but none provided for class "class java.util.Hashtable"> () 
2012-01-29 21:26:48,938 WARN [com.wavemaker.json.type.reflect.ReflectTypeUtils] - <Type requires generic information, but none provided for class "class java.util.Hashtable"> () 
2012-01-29 21:26:48,939 WARN [com.wavemaker.json.type.reflect.ReflectTypeUtils] - <Type requires generic information, but none provided for class "class java.util.Hashtable"> () 
2012-01-29 21:26:48,939 WARN [com.wavemaker.json.type.reflect.ReflectTypeUtils] - <Type requires generic information, but none provided for class "class java.util.Hashtable"> () 
2012-01-29 21:26:48,939 WARN [com.wavemaker.json.type.reflect.ReflectTypeUtils] - <Type requires generic information, but none provided for class "class java.util.Hashtable"> () 
2012-01-29 21:26:48,939 WARN [com.wavemaker.json.type.reflect.ReflectTypeUtils] - <Type requires generic information, but none provided for class "class java.util.Hashtable"> () 
2012-01-29 21:26:48,939 WARN [com.wavemaker.json.type.reflect.ReflectTypeUtils] - <Type requires generic information, but none provided for class "class java.util.Hashtable"> () 
2012-01-29 21:26:48,939 WARN [com.wavemaker.json.type.reflect.ReflectTypeUtils] - <Type requires generic information, but none provided for class "class java.util.Hashtable"> () 
2012-01-29 21:26:48,940 WARN [com.wavemaker.json.type.reflect.ReflectTypeUtils] - <Type requires generic information, but none provided for class "class java.util.Hashtable"> () 
2012-01-29 21:26:48,940 WARN [com.wavemaker.json.type.reflect.ReflectTypeUtils] - <Type requires generic information, but none provided for class "class java.util.Hashtable"> () 
2012-01-29 21:26:48,940 WARN [com.wavemaker.json.type.reflect.ReflectTypeUtils] - <Type requires generic information, but none provided for class "class java.util.Hashtable"> () 
2012-01-29 21:26:48,940 WARN [com.wavemaker.json.type.reflect.ReflectTypeUtils] - <Type requires generic information, but none provided for class "class java.util.Hashtable"> () 
using D:\wavemaker\projects\internatJava\webapproot as a default project directory; please set projectRoot
checking service waveMakerService
checking service runtimeService
Regenerated spring configuration for 2 services
Configured 2 services
Regenerated types & services information
2012-01-29 21:27:01,008 WARN [com.wavemaker.tools.project.DeploymentManager] - <build succeeded with compiler output:

init:

prepare-webapproot:

undeploy:
 [undeploy] FAIL - No context exists for path /internatJava

copy-jars:
[copyRuntimeJarsTask] Copying 9 files to D:\wavemaker\projects\internatJava\webapproot\WEB-INF\lib
[copyRuntimeJarsTask] Copied 1 empty directory to 1 empty directory under D:\wavemaker\projects\internatJava\webapproot\WEB-INF\lib
[copyRuntimeJarsTask] Copying 62 files to D:\wavemaker\projects\internatJava\webapproot\WEB-INF\lib
[copyRuntimeJarsTask] Copying 2 files to D:\wavemaker\projects\internatJava\webapproot\WEB-INF

copy-resources:
     [copy] Copying 1 file to D:\wavemaker\projects\internatJava\webapproot\WEB-INF\classes
     [copy] Copied 1 empty directory to 1 empty directory under D:\wavemaker\projects\internatJava\webapproot\WEB-INF\classes

-webxml-uptodate:

set-application-name-in-xml:

-generate-webxml-userxml:

-generate-webxml-no-userxml:

-generate-webxml-userxml-from-orig:
     [copy] Copying 2 resources to D:\wavemaker\projects\internatJava\webapproot\WEB-INF

-generate-webxml-no-userxml-from-orig:

generate-webxml:

generate-runtime-files:

compile:

build:

-check-deploy-uptodate:
   [delete] Deleting: D:\wavemaker\projects\internatJava\webapproot\internatJava-deploy-test-file.txt

testrunstart:
     [echo] tomcat.manager.url=http://localhost:8094/manager
     [echo] tomcat.port=8094
 [undeploy] FAIL - No context exists for path /internatJava
   [deploy] OK - Deployed application at context path /internatJava
> (session F1172B9DECED22738B821CD03B84719B, thread 42 invoke deploymentService.testRunStart) 
2012-01-29 21:29:35,587 WARN [com.wavemaker.json.type.reflect.ReflectTypeUtils] - <Type requires generic information, but none provided for class "class java.util.Hashtable"> (session F1172B9DECED22738B821CD03B84719B, thread 42 invoke resourceFileService.getResourceFolder) 
2012-01-29 21:29:35,589 WARN [com.wavemaker.json.type.reflect.ReflectTypeUtils] - <Type requires generic information, but none provided for class "class java.util.Hashtable"> () 
2012-01-29 21:29:35,590 WARN [com.wavemaker.json.type.reflect.ReflectTypeUtils] - <Type requires generic information, but none provided for class "class java.util.Hashtable"> () 
2012-01-29 21:29:35,590 WARN [com.wavemaker.json.type.reflect.ReflectTypeUtils] - <Type requires generic information, but none provided for class "class java.util.Hashtable"> () 
2012-01-29 21:29:35,590 WARN [com.wavemaker.json.type.reflect.ReflectTypeUtils] - <Type requires generic information, but none provided for class "class java.util.Hashtable"> () 
2012-01-29 21:29:35,591 WARN [com.wavemaker.json.type.reflect.ReflectTypeUtils] - <Type requires generic information, but none provided for class "class java.util.Hashtable"> () 
2012-01-29 21:29:35,591 WARN [com.wavemaker.json.type.reflect.ReflectTypeUtils] - <Type requires generic information, but none provided for class "class java.util.Hashtable"> () 
2012-01-29 21:29:35,591 WARN [com.wavemaker.json.type.reflect.ReflectTypeUtils] - <Type requires generic information, but none provided for class "class java.util.Hashtable"> () 
2012-01-29 21:29:35,592 WARN [com.wavemaker.json.type.reflect.ReflectTypeUtils] - <Type requires generic information, but none provided for class "class java.util.Hashtable"> () 
2012-01-29 21:29:35,592 WARN [com.wavemaker.json.type.reflect.ReflectTypeUtils] - <Type requires generic information, but none provided for class "class java.util.Hashtable"> () 
2012-01-29 21:29:35,592 WARN [com.wavemaker.json.type.reflect.ReflectTypeUtils] - <Type requires generic information, but none provided for class "class java.util.Hashtable"> () 
2012-01-29 21:29:35,592 WARN [com.wavemaker.json.type.reflect.ReflectTypeUtils] - <Type requires generic information, but none provided for class "class java.util.Hashtable"> () 
2012-01-29 21:29:35,593 WARN [com.wavemaker.json.type.reflect.ReflectTypeUtils] - <Type requires generic information, but none provided for class "class java.util.Hashtable"> () 
2012-01-29 21:29:35,593 WARN [com.wavemaker.json.type.reflect.ReflectTypeUtils] - <Type requires generic information, but none provided for class "class java.util.Hashtable"> () 
2012-01-29 21:29:35,593 WARN [com.wavemaker.json.type.reflect.ReflectTypeUtils] - <Type requires generic information, but none provided for class "class java.util.Hashtable"> () 
2012-01-29 21:29:35,593 WARN [com.wavemaker.json.type.reflect.ReflectTypeUtils] - <Type requires generic information, but none provided for class "class java.util.Hashtable"> () 
2012-01-29 21:29:35,593 WARN [com.wavemaker.json.type.reflect.ReflectTypeUtils] - <Type requires generic information, but none provided for class "class java.util.Hashtable"> () 
2012-01-29 21:30:01,182 WARN [com.wavemaker.tools.project.DeploymentManager] - <build succeeded with compiler output:

init:

prepare-webapproot:

undeploy:
 [undeploy] OK - Undeployed application at context path /internatJava
   [delete] Deleting: D:\wavemaker\projects\internatJava\internatJava.xml

copy-jars:
[copyRuntimeJarsTask] Copying 2 files to D:\wavemaker\projects\internatJava\webapproot\WEB-INF

compile:
> (session F1172B9DECED22738B821CD03B84719B, thread 42 invoke dataService.newDataModel) 
2012-01-29 21:30:04,281 WARN [org.hibernate.util.JDBCExceptionReporter] - <SQL Error: 0, SQLState: 08S01> (session F1172B9DECED22738B821CD03B84719B, thread 42 invoke dataService.newDataModel) 
2012-01-29 21:30:04,281 ERROR [org.hibernate.util.JDBCExceptionReporter] - <Communications link failure

The last packet sent successfully to the server was 0 milliseconds ago. The driver has not received any packets from the server.> (session F1172B9DECED22738B821CD03B84719B, thread 42 invoke dataService.newDataModel) 
2012-01-29 21:30:46,500 WARN [com.wavemaker.tools.project.DeploymentManager] - <build succeeded with compiler output:

init:

prepare-webapproot:

undeploy:
 [undeploy] FAIL - No context exists for path /internatJava

copy-jars:
[copyRuntimeJarsTask] Copying 2 files to D:\wavemaker\projects\internatJava\webapproot\WEB-INF

compile:
    [javac] Compiling 1 source file to D:\wavemaker\projects\internatJava\webapproot\WEB-INF\classes
> (session F1172B9DECED22738B821CD03B84719B, thread 42 invoke dataService.updateRelated) 
2012-01-29 21:30:48,690 WARN [org.hibernate.util.JDBCExceptionReporter] - <SQL Error: 0, SQLState: 08S01> (session F1172B9DECED22738B821CD03B84719B, thread 42 invoke dataService.updateRelated) 
2012-01-29 21:30:48,690 ERROR [org.hibernate.util.JDBCExceptionReporter] - <Communications link failure

The last packet sent successfully to the server was 0 milliseconds ago. The driver has not received any packets from the server.> (session F1172B9DECED22738B821CD03B84719B, thread 42 invoke dataService.updateRelated) 
2012-01-29 21:36:27,276 WARN [com.wavemaker.json.AlternateJSONTransformer] - <Object "FieldDefinition[1] of type (TypeDefinition com.wavemaker.tools.data.PropertyInfo(class com.wavemaker.json.type.reflect.ObjectReflectTypeDefinition))" has no write method for property "fullyQualifiedType"; skipping> (session F1172B9DECED22738B821CD03B84719B, thread 42) 
2012-01-29 21:36:30,235 WARN [com.wavemaker.tools.project.DeploymentManager] - <build succeeded with compiler output:

init:

prepare-webapproot:

undeploy:
 [undeploy] FAIL - No context exists for path /internatJava

copy-jars:
[copyRuntimeJarsTask] Copying 2 files to D:\wavemaker\projects\internatJava\webapproot\WEB-INF

compile:
    [javac] Compiling 1 source file to D:\wavemaker\projects\internatJava\webapproot\WEB-INF\classes
> (session F1172B9DECED22738B821CD03B84719B, thread 42 invoke dataService.updateRelated) 
2012-01-29 21:36:32,279 WARN [org.hibernate.util.JDBCExceptionReporter] - <SQL Error: 0, SQLState: 08S01> (session F1172B9DECED22738B821CD03B84719B, thread 42 invoke dataService.updateRelated) 
2012-01-29 21:36:32,279 ERROR [org.hibernate.util.JDBCExceptionReporter] - <Communications link failure

The last packet sent successfully to the server was 0 milliseconds ago. The driver has not received any packets from the server.> (session F1172B9DECED22738B821CD03B84719B, thread 42 invoke dataService.updateRelated) 
2012-01-29 21:38:00,310 WARN [com.wavemaker.tools.project.DeploymentManager] - <build succeeded with compiler output:

init:

prepare-webapproot:

undeploy:
 [undeploy] FAIL - No context exists for path /internatJava

copy-jars:
[copyRuntimeJarsTask] Copying 2 files to D:\wavemaker\projects\internatJava\webapproot\WEB-INF

compile:
    [javac] Compiling 1 source file to D:\wavemaker\projects\internatJava\webapproot\WEB-INF\classes
> (session F1172B9DECED22738B821CD03B84719B, thread 42 invoke dataService.updateRelated) 
2012-01-29 21:38:02,353 WARN [org.hibernate.util.JDBCExceptionReporter] - <SQL Error: 0, SQLState: 08S01> (session F1172B9DECED22738B821CD03B84719B, thread 42 invoke dataService.updateRelated) 
2012-01-29 21:38:02,353 ERROR [org.hibernate.util.JDBCExceptionReporter] - <Communications link failure

The last packet sent successfully to the server was 0 milliseconds ago. The driver has not received any packets from the server.> (session F1172B9DECED22738B821CD03B84719B, thread 42 invoke dataService.updateRelated) 
2012-01-29 21:38:36,161 WARN [com.wavemaker.json.AlternateJSONTransformer] - <Object "FieldDefinition[1] of type (TypeDefinition com.wavemaker.tools.data.PropertyInfo(class com.wavemaker.json.type.reflect.ObjectReflectTypeDefinition))" has no write method for property "fullyQualifiedType"; skipping> (session F1172B9DECED22738B821CD03B84719B, thread 42) 
2012-01-29 21:38:39,088 WARN [com.wavemaker.tools.project.DeploymentManager] - <build succeeded with compiler output:

init:

prepare-webapproot:

undeploy:
 [undeploy] FAIL - No context exists for path /internatJava

copy-jars:
[copyRuntimeJarsTask] Copying 2 files to D:\wavemaker\projects\internatJava\webapproot\WEB-INF

compile:
    [javac] Compiling 1 source file to D:\wavemaker\projects\internatJava\webapproot\WEB-INF\classes
> (session F1172B9DECED22738B821CD03B84719B, thread 42 invoke dataService.updateRelated) 
2012-01-29 21:38:41,148 WARN [org.hibernate.util.JDBCExceptionReporter] - <SQL Error: 0, SQLState: 08S01> (session F1172B9DECED22738B821CD03B84719B, thread 42 invoke dataService.updateRelated) 
2012-01-29 21:38:41,149 ERROR [org.hibernate.util.JDBCExceptionReporter] - <Communications link failure

The last packet sent successfully to the server was 0 milliseconds ago. The driver has not received any packets from the server.> (session F1172B9DECED22738B821CD03B84719B, thread 42 invoke dataService.updateRelated) 
2012-01-29 21:39:18,393 WARN [com.wavemaker.tools.project.DeploymentManager] - <build succeeded with compiler output:

init:

prepare-webapproot:

undeploy:
 [undeploy] FAIL - No context exists for path /internatJava

copy-jars:
[copyRuntimeJarsTask] Copying 2 files to D:\wavemaker\projects\internatJava\webapproot\WEB-INF

compile:
    [javac] Compiling 1 source file to D:\wavemaker\projects\internatJava\webapproot\WEB-INF\classes
> (session F1172B9DECED22738B821CD03B84719B, thread 42 invoke dataService.updateRelated) 
2012-01-29 21:39:20,460 WARN [org.hibernate.util.JDBCExceptionReporter] - <SQL Error: 0, SQLState: 08S01> (session F1172B9DECED22738B821CD03B84719B, thread 42 invoke dataService.updateRelated) 
2012-01-29 21:39:20,460 ERROR [org.hibernate.util.JDBCExceptionReporter] - <Communications link failure

The last packet sent successfully to the server was 0 milliseconds ago. The driver has not received any packets from the server.> (session F1172B9DECED22738B821CD03B84719B, thread 42 invoke dataService.updateRelated) 
2012-01-29 21:40:30,688 WARN [com.wavemaker.json.AlternateJSONTransformer] - <Object "FieldDefinition[1] of type (TypeDefinition com.wavemaker.tools.data.PropertyInfo(class com.wavemaker.json.type.reflect.ObjectReflectTypeDefinition))" has no write method for property "fullyQualifiedType"; skipping> (session F1172B9DECED22738B821CD03B84719B, thread 42) 
2012-01-29 21:40:33,714 WARN [com.wavemaker.tools.project.DeploymentManager] - <build succeeded with compiler output:

init:

prepare-webapproot:

undeploy:
 [undeploy] FAIL - No context exists for path /internatJava

copy-jars:
[copyRuntimeJarsTask] Copying 2 files to D:\wavemaker\projects\internatJava\webapproot\WEB-INF

compile:
    [javac] Compiling 1 source file to D:\wavemaker\projects\internatJava\webapproot\WEB-INF\classes
> (session F1172B9DECED22738B821CD03B84719B, thread 42 invoke dataService.updateRelated) 
2012-01-29 21:40:35,772 WARN [org.hibernate.util.JDBCExceptionReporter] - <SQL Error: 0, SQLState: 08S01> (session F1172B9DECED22738B821CD03B84719B, thread 42 invoke dataService.updateRelated) 
2012-01-29 21:40:35,772 ERROR [org.hibernate.util.JDBCExceptionReporter] - <Communications link failure

The last packet sent successfully to the server was 0 milliseconds ago. The driver has not received any packets from the server.> (session F1172B9DECED22738B821CD03B84719B, thread 42 invoke dataService.updateRelated) 
2012-01-29 21:40:48,236 WARN [com.wavemaker.tools.project.DeploymentManager] - <build succeeded with compiler output:

init:

prepare-webapproot:

undeploy:
 [undeploy] FAIL - No context exists for path /internatJava

copy-jars:
[copyRuntimeJarsTask] Copying 2 files to D:\wavemaker\projects\internatJava\webapproot\WEB-INF

compile:
    [javac] Compiling 1 source file to D:\wavemaker\projects\internatJava\webapproot\WEB-INF\classes
> (session F1172B9DECED22738B821CD03B84719B, thread 42 invoke dataService.updateRelated) 
2012-01-29 21:40:50,305 WARN [org.hibernate.util.JDBCExceptionReporter] - <SQL Error: 0, SQLState: 08S01> (session F1172B9DECED22738B821CD03B84719B, thread 42 invoke dataService.updateRelated) 
2012-01-29 21:40:50,305 ERROR [org.hibernate.util.JDBCExceptionReporter] - <Communications link failure

The last packet sent successfully to the server was 0 milliseconds ago. The driver has not received any packets from the server.> (session F1172B9DECED22738B821CD03B84719B, thread 42 invoke dataService.updateRelated) 
2012-01-29 21:41:13,822 WARN [com.wavemaker.json.AlternateJSONTransformer] - <Object "FieldDefinition[1] of type (TypeDefinition com.wavemaker.tools.data.PropertyInfo(class com.wavemaker.json.type.reflect.ObjectReflectTypeDefinition))" has no write method for property "fullyQualifiedType"; skipping> (session F1172B9DECED22738B821CD03B84719B, thread 42) 
2012-01-29 21:41:16,391 WARN [com.wavemaker.tools.project.DeploymentManager] - <build succeeded with compiler output:

init:

prepare-webapproot:

undeploy:
 [undeploy] FAIL - No context exists for path /internatJava

copy-jars:
[copyRuntimeJarsTask] Copying 2 files to D:\wavemaker\projects\internatJava\webapproot\WEB-INF

compile:
    [javac] Compiling 1 source file to D:\wavemaker\projects\internatJava\webapproot\WEB-INF\classes
> (session F1172B9DECED22738B821CD03B84719B, thread 42 invoke dataService.updateRelated) 
2012-01-29 21:41:18,465 WARN [org.hibernate.util.JDBCExceptionReporter] - <SQL Error: 0, SQLState: 08S01> (session F1172B9DECED22738B821CD03B84719B, thread 42 invoke dataService.updateRelated) 
2012-01-29 21:41:18,466 ERROR [org.hibernate.util.JDBCExceptionReporter] - <Communications link failure

The last packet sent successfully to the server was 0 milliseconds ago. The driver has not received any packets from the server.> (session F1172B9DECED22738B821CD03B84719B, thread 42 invoke dataService.updateRelated) 
2012-01-29 21:42:04,995 ERROR [com.wavemaker.runtime.server.JSONRPCController] - <SQLException: Database does not exists: file:D:\wavemaker\projects\internatJava\webapproot\data\undefined> (session F1172B9DECED22738B821CD03B84719B, thread 42) 
com.wavemaker.common.WMRuntimeException: SQLException: Database does not exists: file:D:\wavemaker\projects\internatJava\webapproot\data\undefined
	at com.wavemaker.runtime.server.ServerUtils.invokeMethodWithEvents(ServerUtils.java:331)
	at com.wavemaker.runtime.server.ControllerBase.invokeMethod(ControllerBase.java:269)
	at com.wavemaker.runtime.server.JSONRPCController.executeRequest(JSONRPCController.java:123)
	at com.wavemaker.runtime.server.ControllerBase.handleRequestInternal(ControllerBase.java:125)
	at org.springframework.web.servlet.mvc.AbstractController.handleRequest(AbstractController.java:153)
	at org.springframework.web.servlet.mvc.SimpleControllerHandlerAdapter.handle(SimpleControllerHandlerAdapter.java:48)
	at org.springframework.web.servlet.DispatcherServlet.doDispatch(DispatcherServlet.java:790)
	at org.springframework.web.servlet.DispatcherServlet.doService(DispatcherServlet.java:719)
	at org.springframework.web.servlet.FrameworkServlet.processRequest(FrameworkServlet.java:669)
	at org.springframework.web.servlet.FrameworkServlet.doPost(FrameworkServlet.java:585)
	at javax.servlet.http.HttpServlet.service(HttpServlet.java:637)
	at javax.servlet.http.HttpServlet.service(HttpServlet.java:717)
	at org.apache.catalina.core.ApplicationFilterChain.internalDoFilter(ApplicationFilterChain.java:290)
	at org.apache.catalina.core.ApplicationFilterChain.doFilter(ApplicationFilterChain.java:206)
	at org.acegisecurity.util.FilterChainProxy.doFilter(FilterChainProxy.java:143)
	at org.acegisecurity.util.FilterToBeanProxy.doFilter(FilterToBeanProxy.java:98)
	at org.apache.catalina.core.ApplicationFilterChain.internalDoFilter(ApplicationFilterChain.java:235)
	at org.apache.catalina.core.ApplicationFilterChain.doFilter(ApplicationFilterChain.java:206)
	at org.springframework.web.filter.CharacterEncodingFilter.doFilterInternal(CharacterEncodingFilter.java:88)
	at org.springframework.web.filter.OncePerRequestFilter.doFilter(OncePerRequestFilter.java:76)
	at org.apache.catalina.core.ApplicationFilterChain.internalDoFilter(ApplicationFilterChain.java:235)
	at org.apache.catalina.core.ApplicationFilterChain.doFilter(ApplicationFilterChain.java:206)
	at org.apache.catalina.core.StandardWrapperValve.invoke(StandardWrapperValve.java:233)
	at org.apache.catalina.core.StandardContextValve.invoke(StandardContextValve.java:191)
	at org.apache.catalina.core.StandardHostValve.invoke(StandardHostValve.java:127)
	at org.apache.catalina.valves.ErrorReportValve.invoke(ErrorReportValve.java:102)
	at org.apache.catalina.core.StandardEngineValve.invoke(StandardEngineValve.java:109)
	at org.apache.catalina.connector.CoyoteAdapter.service(CoyoteAdapter.java:298)
	at org.apache.coyote.http11.Http11Processor.process(Http11Processor.java:857)
	at org.apache.coyote.http11.Http11Protocol$Http11ConnectionHandler.process(Http11Protocol.java:588)
	at org.apache.tomcat.util.net.JIoEndpoint$Worker.run(JIoEndpoint.java:489)
	at java.lang.Thread.run(Thread.java:662)
Caused by: java.sql.SQLException: Database does not exists: file:D:\wavemaker\projects\internatJava\webapproot\data\undefined
	at org.hsqldb.jdbc.Util.sqlException(Unknown Source)
	at org.hsqldb.jdbc.jdbcConnection.<init>(Unknown Source)
	at org.hsqldb.jdbcDriver.getConnection(Unknown Source)
	at org.hsqldb.jdbcDriver.connect(Unknown Source)
	at java.sql.DriverManager.getConnection(DriverManager.java:582)
	at java.sql.DriverManager.getConnection(DriverManager.java:185)
	at com.wavemaker.runtime.data.util.JDBCUtils.getConnection(JDBCUtils.java:47)
	at com.wavemaker.runtime.data.util.JDBCUtils.testHSQLConnection(JDBCUtils.java:229)
	at com.wavemaker.tools.data.BaseDataModelSetup.testConnection(BaseDataModelSetup.java:984)
	at com.wavemaker.tools.data.TestDBConnection.customRun(TestDBConnection.java:33)
	at com.wavemaker.tools.data.BaseDataModelSetup.run(BaseDataModelSetup.java:450)
	at com.wavemaker.studio.data.DataService.testConnection(DataService.java:319)
	at sun.reflect.NativeMethodAccessorImpl.invoke0(Native Method)
	at sun.reflect.NativeMethodAccessorImpl.invoke(NativeMethodAccessorImpl.java:39)
	at sun.reflect.DelegatingMethodAccessorImpl.invoke(DelegatingMethodAccessorImpl.java:25)
	at java.lang.reflect.Method.invoke(Method.java:597)
	at com.wavemaker.runtime.service.reflect.ReflectServiceType.invokeMethod(ReflectServiceType.java:122)
	at com.wavemaker.runtime.server.ServerUtils.invokeMethodWithEvents(ServerUtils.java:303)
	... 31 more
2012-01-29 21:42:16,969 ERROR [com.wavemaker.runtime.server.JSONRPCController] - <SQLException: Database does not exists: file:D:\wavemaker\projects\internatJava\webapproot\data\undefined> (session F1172B9DECED22738B821CD03B84719B, thread 42) 
com.wavemaker.common.WMRuntimeException: SQLException: Database does not exists: file:D:\wavemaker\projects\internatJava\webapproot\data\undefined
	at com.wavemaker.runtime.server.ServerUtils.invokeMethodWithEvents(ServerUtils.java:331)
	at com.wavemaker.runtime.server.ControllerBase.invokeMethod(ControllerBase.java:269)
	at com.wavemaker.runtime.server.JSONRPCController.executeRequest(JSONRPCController.java:123)
	at com.wavemaker.runtime.server.ControllerBase.handleRequestInternal(ControllerBase.java:125)
	at org.springframework.web.servlet.mvc.AbstractController.handleRequest(AbstractController.java:153)
	at org.springframework.web.servlet.mvc.SimpleControllerHandlerAdapter.handle(SimpleControllerHandlerAdapter.java:48)
	at org.springframework.web.servlet.DispatcherServlet.doDispatch(DispatcherServlet.java:790)
	at org.springframework.web.servlet.DispatcherServlet.doService(DispatcherServlet.java:719)
	at org.springframework.web.servlet.FrameworkServlet.processRequest(FrameworkServlet.java:669)
	at org.springframework.web.servlet.FrameworkServlet.doPost(FrameworkServlet.java:585)
	at javax.servlet.http.HttpServlet.service(HttpServlet.java:637)
	at javax.servlet.http.HttpServlet.service(HttpServlet.java:717)
	at org.apache.catalina.core.ApplicationFilterChain.internalDoFilter(ApplicationFilterChain.java:290)
	at org.apache.catalina.core.ApplicationFilterChain.doFilter(ApplicationFilterChain.java:206)
	at org.acegisecurity.util.FilterChainProxy.doFilter(FilterChainProxy.java:143)
	at org.acegisecurity.util.FilterToBeanProxy.doFilter(FilterToBeanProxy.java:98)
	at org.apache.catalina.core.ApplicationFilterChain.internalDoFilter(ApplicationFilterChain.java:235)
	at org.apache.catalina.core.ApplicationFilterChain.doFilter(ApplicationFilterChain.java:206)
	at org.springframework.web.filter.CharacterEncodingFilter.doFilterInternal(CharacterEncodingFilter.java:88)
	at org.springframework.web.filter.OncePerRequestFilter.doFilter(OncePerRequestFilter.java:76)
	at org.apache.catalina.core.ApplicationFilterChain.internalDoFilter(ApplicationFilterChain.java:235)
	at org.apache.catalina.core.ApplicationFilterChain.doFilter(ApplicationFilterChain.java:206)
	at org.apache.catalina.core.StandardWrapperValve.invoke(StandardWrapperValve.java:233)
	at org.apache.catalina.core.StandardContextValve.invoke(StandardContextValve.java:191)
	at org.apache.catalina.core.StandardHostValve.invoke(StandardHostValve.java:127)
	at org.apache.catalina.valves.ErrorReportValve.invoke(ErrorReportValve.java:102)
	at org.apache.catalina.core.StandardEngineValve.invoke(StandardEngineValve.java:109)
	at org.apache.catalina.connector.CoyoteAdapter.service(CoyoteAdapter.java:298)
	at org.apache.coyote.http11.Http11Processor.process(Http11Processor.java:857)
	at org.apache.coyote.http11.Http11Protocol$Http11ConnectionHandler.process(Http11Protocol.java:588)
	at org.apache.tomcat.util.net.JIoEndpoint$Worker.run(JIoEndpoint.java:489)
	at java.lang.Thread.run(Thread.java:662)
Caused by: java.sql.SQLException: Database does not exists: file:D:\wavemaker\projects\internatJava\webapproot\data\undefined
	at org.hsqldb.jdbc.Util.sqlException(Unknown Source)
	at org.hsqldb.jdbc.jdbcConnection.<init>(Unknown Source)
	at org.hsqldb.jdbcDriver.getConnection(Unknown Source)
	at org.hsqldb.jdbcDriver.connect(Unknown Source)
	at java.sql.DriverManager.getConnection(DriverManager.java:582)
	at java.sql.DriverManager.getConnection(DriverManager.java:185)
	at com.wavemaker.runtime.data.util.JDBCUtils.getConnection(JDBCUtils.java:47)
	at com.wavemaker.runtime.data.util.JDBCUtils.testHSQLConnection(JDBCUtils.java:229)
	at com.wavemaker.tools.data.BaseDataModelSetup.testConnection(BaseDataModelSetup.java:984)
	at com.wavemaker.tools.data.TestDBConnection.customRun(TestDBConnection.java:33)
	at com.wavemaker.tools.data.BaseDataModelSetup.run(BaseDataModelSetup.java:450)
	at com.wavemaker.studio.data.DataService.testConnection(DataService.java:319)
	at sun.reflect.NativeMethodAccessorImpl.invoke0(Native Method)
	at sun.reflect.NativeMethodAccessorImpl.invoke(NativeMethodAccessorImpl.java:39)
	at sun.reflect.DelegatingMethodAccessorImpl.invoke(DelegatingMethodAccessorImpl.java:25)
	at java.lang.reflect.Method.invoke(Method.java:597)
	at com.wavemaker.runtime.service.reflect.ReflectServiceType.invokeMethod(ReflectServiceType.java:122)
	at com.wavemaker.runtime.server.ServerUtils.invokeMethodWithEvents(ServerUtils.java:303)
	... 31 more
2012-01-29 21:42:27,179 ERROR [com.wavemaker.runtime.server.JSONRPCController] - <SQLException: Database does not exists: file:D:\wavemaker\projects\internatJava\webapproot\data\undefined> (session F1172B9DECED22738B821CD03B84719B, thread 42) 
com.wavemaker.common.WMRuntimeException: SQLException: Database does not exists: file:D:\wavemaker\projects\internatJava\webapproot\data\undefined
	at com.wavemaker.runtime.server.ServerUtils.invokeMethodWithEvents(ServerUtils.java:331)
	at com.wavemaker.runtime.server.ControllerBase.invokeMethod(ControllerBase.java:269)
	at com.wavemaker.runtime.server.JSONRPCController.executeRequest(JSONRPCController.java:123)
	at com.wavemaker.runtime.server.ControllerBase.handleRequestInternal(ControllerBase.java:125)
	at org.springframework.web.servlet.mvc.AbstractController.handleRequest(AbstractController.java:153)
	at org.springframework.web.servlet.mvc.SimpleControllerHandlerAdapter.handle(SimpleControllerHandlerAdapter.java:48)
	at org.springframework.web.servlet.DispatcherServlet.doDispatch(DispatcherServlet.java:790)
	at org.springframework.web.servlet.DispatcherServlet.doService(DispatcherServlet.java:719)
	at org.springframework.web.servlet.FrameworkServlet.processRequest(FrameworkServlet.java:669)
	at org.springframework.web.servlet.FrameworkServlet.doPost(FrameworkServlet.java:585)
	at javax.servlet.http.HttpServlet.service(HttpServlet.java:637)
	at javax.servlet.http.HttpServlet.service(HttpServlet.java:717)
	at org.apache.catalina.core.ApplicationFilterChain.internalDoFilter(ApplicationFilterChain.java:290)
	at org.apache.catalina.core.ApplicationFilterChain.doFilter(ApplicationFilterChain.java:206)
	at org.acegisecurity.util.FilterChainProxy.doFilter(FilterChainProxy.java:143)
	at org.acegisecurity.util.FilterToBeanProxy.doFilter(FilterToBeanProxy.java:98)
	at org.apache.catalina.core.ApplicationFilterChain.internalDoFilter(ApplicationFilterChain.java:235)
	at org.apache.catalina.core.ApplicationFilterChain.doFilter(ApplicationFilterChain.java:206)
	at org.springframework.web.filter.CharacterEncodingFilter.doFilterInternal(CharacterEncodingFilter.java:88)
	at org.springframework.web.filter.OncePerRequestFilter.doFilter(OncePerRequestFilter.java:76)
	at org.apache.catalina.core.ApplicationFilterChain.internalDoFilter(ApplicationFilterChain.java:235)
	at org.apache.catalina.core.ApplicationFilterChain.doFilter(ApplicationFilterChain.java:206)
	at org.apache.catalina.core.StandardWrapperValve.invoke(StandardWrapperValve.java:233)
	at org.apache.catalina.core.StandardContextValve.invoke(StandardContextValve.java:191)
	at org.apache.catalina.core.StandardHostValve.invoke(StandardHostValve.java:127)
	at org.apache.catalina.valves.ErrorReportValve.invoke(ErrorReportValve.java:102)
	at org.apache.catalina.core.StandardEngineValve.invoke(StandardEngineValve.java:109)
	at org.apache.catalina.connector.CoyoteAdapter.service(CoyoteAdapter.java:298)
	at org.apache.coyote.http11.Http11Processor.process(Http11Processor.java:857)
	at org.apache.coyote.http11.Http11Protocol$Http11ConnectionHandler.process(Http11Protocol.java:588)
	at org.apache.tomcat.util.net.JIoEndpoint$Worker.run(JIoEndpoint.java:489)
	at java.lang.Thread.run(Thread.java:662)
Caused by: java.sql.SQLException: Database does not exists: file:D:\wavemaker\projects\internatJava\webapproot\data\undefined
	at org.hsqldb.jdbc.Util.sqlException(Unknown Source)
	at org.hsqldb.jdbc.jdbcConnection.<init>(Unknown Source)
	at org.hsqldb.jdbcDriver.getConnection(Unknown Source)
	at org.hsqldb.jdbcDriver.connect(Unknown Source)
	at java.sql.DriverManager.getConnection(DriverManager.java:582)
	at java.sql.DriverManager.getConnection(DriverManager.java:185)
	at com.wavemaker.runtime.data.util.JDBCUtils.getConnection(JDBCUtils.java:47)
	at com.wavemaker.runtime.data.util.JDBCUtils.testHSQLConnection(JDBCUtils.java:229)
	at com.wavemaker.tools.data.BaseDataModelSetup.testConnection(BaseDataModelSetup.java:984)
	at com.wavemaker.tools.data.TestDBConnection.customRun(TestDBConnection.java:33)
	at com.wavemaker.tools.data.BaseDataModelSetup.run(BaseDataModelSetup.java:450)
	at com.wavemaker.studio.data.DataService.testConnection(DataService.java:319)
	at sun.reflect.NativeMethodAccessorImpl.invoke0(Native Method)
	at sun.reflect.NativeMethodAccessorImpl.invoke(NativeMethodAccessorImpl.java:39)
	at sun.reflect.DelegatingMethodAccessorImpl.invoke(DelegatingMethodAccessorImpl.java:25)
	at java.lang.reflect.Method.invoke(Method.java:597)
	at com.wavemaker.runtime.service.reflect.ReflectServiceType.invokeMethod(ReflectServiceType.java:122)
	at com.wavemaker.runtime.server.ServerUtils.invokeMethodWithEvents(ServerUtils.java:303)
	... 31 more
using D:\wavemaker\projects\internatJava\webapproot as a default project directory; please set projectRoot
checking service internatDB
checking service waveMakerService
checking service runtimeService
2012-01-29 21:42:51,182 WARN [com.wavemaker.tools.project.DeploymentManager] - <build succeeded with compiler output:

init:

prepare-webapproot:

undeploy:
 [undeploy] FAIL - No context exists for path /internatJava

copy-jars:
[copyRuntimeJarsTask] Copying 2 files to D:\wavemaker\projects\internatJava\webapproot\WEB-INF

copy-resources:
     [copy] Copying 7 files to D:\wavemaker\projects\internatJava\webapproot\WEB-INF\classes

-webxml-uptodate:

set-application-name-in-xml:

-generate-webxml-userxml:

-generate-webxml-no-userxml:

-generate-webxml-userxml-from-orig:

-generate-webxml-no-userxml-from-orig:

generate-webxml:

generate-runtime-files:

compile:
    [javac] Compiling 2 source files to D:\wavemaker\projects\internatJava\webapproot\WEB-INF\classes

build:

-check-deploy-uptodate:
   [delete] Deleting: D:\wavemaker\projects\internatJava\webapproot\internatJava-deploy-test-file.txt

testrunstart:
     [echo] tomcat.manager.url=http://localhost:8094/manager
     [echo] tomcat.port=8094
 [undeploy] FAIL - No context exists for path /internatJava
   [deploy] OK - Deployed application at context path /internatJava
> (session F1172B9DECED22738B821CD03B84719B, thread 42 invoke deploymentService.testRunStart) 
2012-01-29 21:43:17,521 WARN [com.wavemaker.tools.project.DeploymentManager] - <build succeeded with compiler output:

init:

undeploy:
 [undeploy] OK - Undeployed application at context path /internatJava
   [delete] Deleting: D:\wavemaker\projects\internatJava\internatJava.xml
> (session F1172B9DECED22738B821CD03B84719B, thread 42 invoke studioService.closeProject) 
using D:\wavemaker\projects\internatJava\webapproot as a default project directory; please set projectRoot
checking service internatDB
checking service waveMakerService
checking service runtimeService
2012-01-29 21:43:34,307 WARN [com.wavemaker.tools.project.DeploymentManager] - <build succeeded with compiler output:

init:

prepare-webapproot:

undeploy:
 [undeploy] FAIL - No context exists for path /internatJava

copy-jars:
[copyRuntimeJarsTask] Copying 2 files to D:\wavemaker\projects\internatJava\webapproot\WEB-INF

copy-resources:

-webxml-uptodate:

set-application-name-in-xml:

-generate-webxml-userxml:

-generate-webxml-no-userxml:

-generate-webxml-userxml-from-orig:

-generate-webxml-no-userxml-from-orig:

generate-webxml:

generate-runtime-files:

compile:

build:

-check-deploy-uptodate:
   [delete] Deleting: D:\wavemaker\projects\internatJava\webapproot\internatJava-deploy-test-file.txt

testrunstart:
     [echo] tomcat.manager.url=http://localhost:8094/manager
     [echo] tomcat.port=8094
 [undeploy] FAIL - No context exists for path /internatJava
   [deploy] OK - Deployed application at context path /internatJava
> (session F1172B9DECED22738B821CD03B84719B, thread 44 invoke deploymentService.testRunStart) 
2012-01-29 21:44:17,052 WARN [com.wavemaker.json.type.reflect.ReflectTypeUtils] - <Type requires generic information, but none provided for class "class java.util.Hashtable"> (session F1172B9DECED22738B821CD03B84719B, thread 42 invoke resourceFileService.getResourceFolder) 
2012-01-29 21:44:17,054 WARN [com.wavemaker.json.type.reflect.ReflectTypeUtils] - <Type requires generic information, but none provided for class "class java.util.Hashtable"> () 
2012-01-29 21:44:17,054 WARN [com.wavemaker.json.type.reflect.ReflectTypeUtils] - <Type requires generic information, but none provided for class "class java.util.Hashtable"> () 
2012-01-29 21:44:17,054 WARN [com.wavemaker.json.type.reflect.ReflectTypeUtils] - <Type requires generic information, but none provided for class "class java.util.Hashtable"> () 
2012-01-29 21:44:17,054 WARN [com.wavemaker.json.type.reflect.ReflectTypeUtils] - <Type requires generic information, but none provided for class "class java.util.Hashtable"> () 
2012-01-29 21:44:17,055 WARN [com.wavemaker.json.type.reflect.ReflectTypeUtils] - <Type requires generic information, but none provided for class "class java.util.Hashtable"> () 
2012-01-29 21:44:17,055 WARN [com.wavemaker.json.type.reflect.ReflectTypeUtils] - <Type requires generic information, but none provided for class "class java.util.Hashtable"> () 
2012-01-29 21:44:17,055 WARN [com.wavemaker.json.type.reflect.ReflectTypeUtils] - <Type requires generic information, but none provided for class "class java.util.Hashtable"> () 
2012-01-29 21:44:17,055 WARN [com.wavemaker.json.type.reflect.ReflectTypeUtils] - <Type requires generic information, but none provided for class "class java.util.Hashtable"> () 
2012-01-29 21:44:17,055 WARN [com.wavemaker.json.type.reflect.ReflectTypeUtils] - <Type requires generic information, but none provided for class "class java.util.Hashtable"> () 
2012-01-29 21:44:17,055 WARN [com.wavemaker.json.type.reflect.ReflectTypeUtils] - <Type requires generic information, but none provided for class "class java.util.Hashtable"> () 
2012-01-29 21:44:17,055 WARN [com.wavemaker.json.type.reflect.ReflectTypeUtils] - <Type requires generic information, but none provided for class "class java.util.Hashtable"> () 
2012-01-29 21:44:17,055 WARN [com.wavemaker.json.type.reflect.ReflectTypeUtils] - <Type requires generic information, but none provided for class "class java.util.Hashtable"> () 
2012-01-29 21:44:17,055 WARN [com.wavemaker.json.type.reflect.ReflectTypeUtils] - <Type requires generic information, but none provided for class "class java.util.Hashtable"> () 
2012-01-29 21:44:17,056 WARN [com.wavemaker.json.type.reflect.ReflectTypeUtils] - <Type requires generic information, but none provided for class "class java.util.Hashtable"> () 
2012-01-29 21:44:17,056 WARN [com.wavemaker.json.type.reflect.ReflectTypeUtils] - <Type requires generic information, but none provided for class "class java.util.Hashtable"> () 
2012-01-29 21:44:17,056 WARN [com.wavemaker.json.type.reflect.ReflectTypeUtils] - <Type requires generic information, but none provided for class "class java.util.Hashtable"> () 
2012-01-29 21:46:37,298 ERROR [com.wavemaker.runtime.server.JSONRPCController] - <SQLException: Database does not exists: file:D:\wavemaker\projects\internatJava\webapproot\data\internatDB> (session F1172B9DECED22738B821CD03B84719B, thread 44) 
com.wavemaker.common.WMRuntimeException: SQLException: Database does not exists: file:D:\wavemaker\projects\internatJava\webapproot\data\internatDB
	at com.wavemaker.runtime.server.ServerUtils.invokeMethodWithEvents(ServerUtils.java:331)
	at com.wavemaker.runtime.server.ControllerBase.invokeMethod(ControllerBase.java:269)
	at com.wavemaker.runtime.server.JSONRPCController.executeRequest(JSONRPCController.java:123)
	at com.wavemaker.runtime.server.ControllerBase.handleRequestInternal(ControllerBase.java:125)
	at org.springframework.web.servlet.mvc.AbstractController.handleRequest(AbstractController.java:153)
	at org.springframework.web.servlet.mvc.SimpleControllerHandlerAdapter.handle(SimpleControllerHandlerAdapter.java:48)
	at org.springframework.web.servlet.DispatcherServlet.doDispatch(DispatcherServlet.java:790)
	at org.springframework.web.servlet.DispatcherServlet.doService(DispatcherServlet.java:719)
	at org.springframework.web.servlet.FrameworkServlet.processRequest(FrameworkServlet.java:669)
	at org.springframework.web.servlet.FrameworkServlet.doPost(FrameworkServlet.java:585)
	at javax.servlet.http.HttpServlet.service(HttpServlet.java:637)
	at javax.servlet.http.HttpServlet.service(HttpServlet.java:717)
	at org.apache.catalina.core.ApplicationFilterChain.internalDoFilter(ApplicationFilterChain.java:290)
	at org.apache.catalina.core.ApplicationFilterChain.doFilter(ApplicationFilterChain.java:206)
	at org.acegisecurity.util.FilterChainProxy.doFilter(FilterChainProxy.java:143)
	at org.acegisecurity.util.FilterToBeanProxy.doFilter(FilterToBeanProxy.java:98)
	at org.apache.catalina.core.ApplicationFilterChain.internalDoFilter(ApplicationFilterChain.java:235)
	at org.apache.catalina.core.ApplicationFilterChain.doFilter(ApplicationFilterChain.java:206)
	at org.springframework.web.filter.CharacterEncodingFilter.doFilterInternal(CharacterEncodingFilter.java:88)
	at org.springframework.web.filter.OncePerRequestFilter.doFilter(OncePerRequestFilter.java:76)
	at org.apache.catalina.core.ApplicationFilterChain.internalDoFilter(ApplicationFilterChain.java:235)
	at org.apache.catalina.core.ApplicationFilterChain.doFilter(ApplicationFilterChain.java:206)
	at org.apache.catalina.core.StandardWrapperValve.invoke(StandardWrapperValve.java:233)
	at org.apache.catalina.core.StandardContextValve.invoke(StandardContextValve.java:191)
	at org.apache.catalina.core.StandardHostValve.invoke(StandardHostValve.java:127)
	at org.apache.catalina.valves.ErrorReportValve.invoke(ErrorReportValve.java:102)
	at org.apache.catalina.core.StandardEngineValve.invoke(StandardEngineValve.java:109)
	at org.apache.catalina.connector.CoyoteAdapter.service(CoyoteAdapter.java:298)
	at org.apache.coyote.http11.Http11Processor.process(Http11Processor.java:857)
	at org.apache.coyote.http11.Http11Protocol$Http11ConnectionHandler.process(Http11Protocol.java:588)
	at org.apache.tomcat.util.net.JIoEndpoint$Worker.run(JIoEndpoint.java:489)
	at java.lang.Thread.run(Thread.java:662)
Caused by: java.sql.SQLException: Database does not exists: file:D:\wavemaker\projects\internatJava\webapproot\data\internatDB
	at org.hsqldb.jdbc.Util.sqlException(Unknown Source)
	at org.hsqldb.jdbc.jdbcConnection.<init>(Unknown Source)
	at org.hsqldb.jdbcDriver.getConnection(Unknown Source)
	at org.hsqldb.jdbcDriver.connect(Unknown Source)
	at java.sql.DriverManager.getConnection(DriverManager.java:582)
	at java.sql.DriverManager.getConnection(DriverManager.java:185)
	at com.wavemaker.runtime.data.util.JDBCUtils.getConnection(JDBCUtils.java:47)
	at com.wavemaker.runtime.data.util.JDBCUtils.testHSQLConnection(JDBCUtils.java:229)
	at com.wavemaker.tools.data.BaseDataModelSetup.testConnection(BaseDataModelSetup.java:984)
	at com.wavemaker.tools.data.TestDBConnection.customRun(TestDBConnection.java:33)
	at com.wavemaker.tools.data.BaseDataModelSetup.run(BaseDataModelSetup.java:450)
	at com.wavemaker.studio.data.DataService.testConnection(DataService.java:319)
	at sun.reflect.NativeMethodAccessorImpl.invoke0(Native Method)
	at sun.reflect.NativeMethodAccessorImpl.invoke(NativeMethodAccessorImpl.java:39)
	at sun.reflect.DelegatingMethodAccessorImpl.invoke(DelegatingMethodAccessorImpl.java:25)
	at java.lang.reflect.Method.invoke(Method.java:597)
	at com.wavemaker.runtime.service.reflect.ReflectServiceType.invokeMethod(ReflectServiceType.java:122)
	at com.wavemaker.runtime.server.ServerUtils.invokeMethodWithEvents(ServerUtils.java:303)
	... 31 more
2012-01-29 21:46:56,489 ERROR [com.wavemaker.runtime.server.JSONRPCController] - <SQLException: Database does not exists: file:D:\wavemaker\projects\internatJava\webapproot\data\internatDB> (session F1172B9DECED22738B821CD03B84719B, thread 44) 
com.wavemaker.common.WMRuntimeException: SQLException: Database does not exists: file:D:\wavemaker\projects\internatJava\webapproot\data\internatDB
	at com.wavemaker.runtime.server.ServerUtils.invokeMethodWithEvents(ServerUtils.java:331)
	at com.wavemaker.runtime.server.ControllerBase.invokeMethod(ControllerBase.java:269)
	at com.wavemaker.runtime.server.JSONRPCController.executeRequest(JSONRPCController.java:123)
	at com.wavemaker.runtime.server.ControllerBase.handleRequestInternal(ControllerBase.java:125)
	at org.springframework.web.servlet.mvc.AbstractController.handleRequest(AbstractController.java:153)
	at org.springframework.web.servlet.mvc.SimpleControllerHandlerAdapter.handle(SimpleControllerHandlerAdapter.java:48)
	at org.springframework.web.servlet.DispatcherServlet.doDispatch(DispatcherServlet.java:790)
	at org.springframework.web.servlet.DispatcherServlet.doService(DispatcherServlet.java:719)
	at org.springframework.web.servlet.FrameworkServlet.processRequest(FrameworkServlet.java:669)
	at org.springframework.web.servlet.FrameworkServlet.doPost(FrameworkServlet.java:585)
	at javax.servlet.http.HttpServlet.service(HttpServlet.java:637)
	at javax.servlet.http.HttpServlet.service(HttpServlet.java:717)
	at org.apache.catalina.core.ApplicationFilterChain.internalDoFilter(ApplicationFilterChain.java:290)
	at org.apache.catalina.core.ApplicationFilterChain.doFilter(ApplicationFilterChain.java:206)
	at org.acegisecurity.util.FilterChainProxy.doFilter(FilterChainProxy.java:143)
	at org.acegisecurity.util.FilterToBeanProxy.doFilter(FilterToBeanProxy.java:98)
	at org.apache.catalina.core.ApplicationFilterChain.internalDoFilter(ApplicationFilterChain.java:235)
	at org.apache.catalina.core.ApplicationFilterChain.doFilter(ApplicationFilterChain.java:206)
	at org.springframework.web.filter.CharacterEncodingFilter.doFilterInternal(CharacterEncodingFilter.java:88)
	at org.springframework.web.filter.OncePerRequestFilter.doFilter(OncePerRequestFilter.java:76)
	at org.apache.catalina.core.ApplicationFilterChain.internalDoFilter(ApplicationFilterChain.java:235)
	at org.apache.catalina.core.ApplicationFilterChain.doFilter(ApplicationFilterChain.java:206)
	at org.apache.catalina.core.StandardWrapperValve.invoke(StandardWrapperValve.java:233)
	at org.apache.catalina.core.StandardContextValve.invoke(StandardContextValve.java:191)
	at org.apache.catalina.core.StandardHostValve.invoke(StandardHostValve.java:127)
	at org.apache.catalina.valves.ErrorReportValve.invoke(ErrorReportValve.java:102)
	at org.apache.catalina.core.StandardEngineValve.invoke(StandardEngineValve.java:109)
	at org.apache.catalina.connector.CoyoteAdapter.service(CoyoteAdapter.java:298)
	at org.apache.coyote.http11.Http11Processor.process(Http11Processor.java:857)
	at org.apache.coyote.http11.Http11Protocol$Http11ConnectionHandler.process(Http11Protocol.java:588)
	at org.apache.tomcat.util.net.JIoEndpoint$Worker.run(JIoEndpoint.java:489)
	at java.lang.Thread.run(Thread.java:662)
Caused by: java.sql.SQLException: Database does not exists: file:D:\wavemaker\projects\internatJava\webapproot\data\internatDB
	at org.hsqldb.jdbc.Util.sqlException(Unknown Source)
	at org.hsqldb.jdbc.jdbcConnection.<init>(Unknown Source)
	at org.hsqldb.jdbcDriver.getConnection(Unknown Source)
	at org.hsqldb.jdbcDriver.connect(Unknown Source)
	at java.sql.DriverManager.getConnection(DriverManager.java:582)
	at java.sql.DriverManager.getConnection(DriverManager.java:185)
	at com.wavemaker.runtime.data.util.JDBCUtils.getConnection(JDBCUtils.java:47)
	at com.wavemaker.runtime.data.util.JDBCUtils.testHSQLConnection(JDBCUtils.java:229)
	at com.wavemaker.tools.data.BaseDataModelSetup.testConnection(BaseDataModelSetup.java:984)
	at com.wavemaker.tools.data.TestDBConnection.customRun(TestDBConnection.java:33)
	at com.wavemaker.tools.data.BaseDataModelSetup.run(BaseDataModelSetup.java:450)
	at com.wavemaker.studio.data.DataService.testConnection(DataService.java:319)
	at sun.reflect.NativeMethodAccessorImpl.invoke0(Native Method)
	at sun.reflect.NativeMethodAccessorImpl.invoke(NativeMethodAccessorImpl.java:39)
	at sun.reflect.DelegatingMethodAccessorImpl.invoke(DelegatingMethodAccessorImpl.java:25)
	at java.lang.reflect.Method.invoke(Method.java:597)
	at com.wavemaker.runtime.service.reflect.ReflectServiceType.invokeMethod(ReflectServiceType.java:122)
	at com.wavemaker.runtime.server.ServerUtils.invokeMethodWithEvents(ServerUtils.java:303)
	... 31 more
2012-01-29 21:47:04,832 ERROR [com.wavemaker.runtime.server.JSONRPCController] - <SQLException: Database does not exists: file:D:\wavemaker\projects\internatJava\webapproot\data\internatDB> (session F1172B9DECED22738B821CD03B84719B, thread 44) 
com.wavemaker.common.WMRuntimeException: SQLException: Database does not exists: file:D:\wavemaker\projects\internatJava\webapproot\data\internatDB
	at com.wavemaker.runtime.server.ServerUtils.invokeMethodWithEvents(ServerUtils.java:331)
	at com.wavemaker.runtime.server.ControllerBase.invokeMethod(ControllerBase.java:269)
	at com.wavemaker.runtime.server.JSONRPCController.executeRequest(JSONRPCController.java:123)
	at com.wavemaker.runtime.server.ControllerBase.handleRequestInternal(ControllerBase.java:125)
	at org.springframework.web.servlet.mvc.AbstractController.handleRequest(AbstractController.java:153)
	at org.springframework.web.servlet.mvc.SimpleControllerHandlerAdapter.handle(SimpleControllerHandlerAdapter.java:48)
	at org.springframework.web.servlet.DispatcherServlet.doDispatch(DispatcherServlet.java:790)
	at org.springframework.web.servlet.DispatcherServlet.doService(DispatcherServlet.java:719)
	at org.springframework.web.servlet.FrameworkServlet.processRequest(FrameworkServlet.java:669)
	at org.springframework.web.servlet.FrameworkServlet.doPost(FrameworkServlet.java:585)
	at javax.servlet.http.HttpServlet.service(HttpServlet.java:637)
	at javax.servlet.http.HttpServlet.service(HttpServlet.java:717)
	at org.apache.catalina.core.ApplicationFilterChain.internalDoFilter(ApplicationFilterChain.java:290)
	at org.apache.catalina.core.ApplicationFilterChain.doFilter(ApplicationFilterChain.java:206)
	at org.acegisecurity.util.FilterChainProxy.doFilter(FilterChainProxy.java:143)
	at org.acegisecurity.util.FilterToBeanProxy.doFilter(FilterToBeanProxy.java:98)
	at org.apache.catalina.core.ApplicationFilterChain.internalDoFilter(ApplicationFilterChain.java:235)
	at org.apache.catalina.core.ApplicationFilterChain.doFilter(ApplicationFilterChain.java:206)
	at org.springframework.web.filter.CharacterEncodingFilter.doFilterInternal(CharacterEncodingFilter.java:88)
	at org.springframework.web.filter.OncePerRequestFilter.doFilter(OncePerRequestFilter.java:76)
	at org.apache.catalina.core.ApplicationFilterChain.internalDoFilter(ApplicationFilterChain.java:235)
	at org.apache.catalina.core.ApplicationFilterChain.doFilter(ApplicationFilterChain.java:206)
	at org.apache.catalina.core.StandardWrapperValve.invoke(StandardWrapperValve.java:233)
	at org.apache.catalina.core.StandardContextValve.invoke(StandardContextValve.java:191)
	at org.apache.catalina.core.StandardHostValve.invoke(StandardHostValve.java:127)
	at org.apache.catalina.valves.ErrorReportValve.invoke(ErrorReportValve.java:102)
	at org.apache.catalina.core.StandardEngineValve.invoke(StandardEngineValve.java:109)
	at org.apache.catalina.connector.CoyoteAdapter.service(CoyoteAdapter.java:298)
	at org.apache.coyote.http11.Http11Processor.process(Http11Processor.java:857)
	at org.apache.coyote.http11.Http11Protocol$Http11ConnectionHandler.process(Http11Protocol.java:588)
	at org.apache.tomcat.util.net.JIoEndpoint$Worker.run(JIoEndpoint.java:489)
	at java.lang.Thread.run(Thread.java:662)
Caused by: java.sql.SQLException: Database does not exists: file:D:\wavemaker\projects\internatJava\webapproot\data\internatDB
	at org.hsqldb.jdbc.Util.sqlException(Unknown Source)
	at org.hsqldb.jdbc.jdbcConnection.<init>(Unknown Source)
	at org.hsqldb.jdbcDriver.getConnection(Unknown Source)
	at org.hsqldb.jdbcDriver.connect(Unknown Source)
	at java.sql.DriverManager.getConnection(DriverManager.java:582)
	at java.sql.DriverManager.getConnection(DriverManager.java:185)
	at com.wavemaker.runtime.data.util.JDBCUtils.getConnection(JDBCUtils.java:47)
	at com.wavemaker.runtime.data.util.JDBCUtils.testHSQLConnection(JDBCUtils.java:229)
	at com.wavemaker.tools.data.BaseDataModelSetup.testConnection(BaseDataModelSetup.java:984)
	at com.wavemaker.tools.data.DataModelManager.runImporter(DataModelManager.java:909)
	at com.wavemaker.tools.data.DataModelManager.reImport(DataModelManager.java:280)
	at com.wavemaker.tools.data.DataModelManager.reImport(DataModelManager.java:243)
	at com.wavemaker.studio.data.DataService.reImportDatabase(DataService.java:279)
	at sun.reflect.NativeMethodAccessorImpl.invoke0(Native Method)
	at sun.reflect.NativeMethodAccessorImpl.invoke(NativeMethodAccessorImpl.java:39)
	at sun.reflect.DelegatingMethodAccessorImpl.invoke(DelegatingMethodAccessorImpl.java:25)
	at java.lang.reflect.Method.invoke(Method.java:597)
	at com.wavemaker.runtime.service.reflect.ReflectServiceType.invokeMethod(ReflectServiceType.java:122)
	at com.wavemaker.runtime.server.ServerUtils.invokeMethodWithEvents(ServerUtils.java:303)
	... 31 more
2012-01-29 21:47:26,599 ERROR [com.wavemaker.runtime.server.JSONRPCController] - <SQLException: Database does not exists: file:D:\wavemaker\projects\internatJava\webapproot\data\internatDB> (session F1172B9DECED22738B821CD03B84719B, thread 44) 
com.wavemaker.common.WMRuntimeException: SQLException: Database does not exists: file:D:\wavemaker\projects\internatJava\webapproot\data\internatDB
	at com.wavemaker.runtime.server.ServerUtils.invokeMethodWithEvents(ServerUtils.java:331)
	at com.wavemaker.runtime.server.ControllerBase.invokeMethod(ControllerBase.java:269)
	at com.wavemaker.runtime.server.JSONRPCController.executeRequest(JSONRPCController.java:123)
	at com.wavemaker.runtime.server.ControllerBase.handleRequestInternal(ControllerBase.java:125)
	at org.springframework.web.servlet.mvc.AbstractController.handleRequest(AbstractController.java:153)
	at org.springframework.web.servlet.mvc.SimpleControllerHandlerAdapter.handle(SimpleControllerHandlerAdapter.java:48)
	at org.springframework.web.servlet.DispatcherServlet.doDispatch(DispatcherServlet.java:790)
	at org.springframework.web.servlet.DispatcherServlet.doService(DispatcherServlet.java:719)
	at org.springframework.web.servlet.FrameworkServlet.processRequest(FrameworkServlet.java:669)
	at org.springframework.web.servlet.FrameworkServlet.doPost(FrameworkServlet.java:585)
	at javax.servlet.http.HttpServlet.service(HttpServlet.java:637)
	at javax.servlet.http.HttpServlet.service(HttpServlet.java:717)
	at org.apache.catalina.core.ApplicationFilterChain.internalDoFilter(ApplicationFilterChain.java:290)
	at org.apache.catalina.core.ApplicationFilterChain.doFilter(ApplicationFilterChain.java:206)
	at org.acegisecurity.util.FilterChainProxy.doFilter(FilterChainProxy.java:143)
	at org.acegisecurity.util.FilterToBeanProxy.doFilter(FilterToBeanProxy.java:98)
	at org.apache.catalina.core.ApplicationFilterChain.internalDoFilter(ApplicationFilterChain.java:235)
	at org.apache.catalina.core.ApplicationFilterChain.doFilter(ApplicationFilterChain.java:206)
	at org.springframework.web.filter.CharacterEncodingFilter.doFilterInternal(CharacterEncodingFilter.java:88)
	at org.springframework.web.filter.OncePerRequestFilter.doFilter(OncePerRequestFilter.java:76)
	at org.apache.catalina.core.ApplicationFilterChain.internalDoFilter(ApplicationFilterChain.java:235)
	at org.apache.catalina.core.ApplicationFilterChain.doFilter(ApplicationFilterChain.java:206)
	at org.apache.catalina.core.StandardWrapperValve.invoke(StandardWrapperValve.java:233)
	at org.apache.catalina.core.StandardContextValve.invoke(StandardContextValve.java:191)
	at org.apache.catalina.core.StandardHostValve.invoke(StandardHostValve.java:127)
	at org.apache.catalina.valves.ErrorReportValve.invoke(ErrorReportValve.java:102)
	at org.apache.catalina.core.StandardEngineValve.invoke(StandardEngineValve.java:109)
	at org.apache.catalina.connector.CoyoteAdapter.service(CoyoteAdapter.java:298)
	at org.apache.coyote.http11.Http11Processor.process(Http11Processor.java:857)
	at org.apache.coyote.http11.Http11Protocol$Http11ConnectionHandler.process(Http11Protocol.java:588)
	at org.apache.tomcat.util.net.JIoEndpoint$Worker.run(JIoEndpoint.java:489)
	at java.lang.Thread.run(Thread.java:662)
Caused by: java.sql.SQLException: Database does not exists: file:D:\wavemaker\projects\internatJava\webapproot\data\internatDB
	at org.hsqldb.jdbc.Util.sqlException(Unknown Source)
	at org.hsqldb.jdbc.jdbcConnection.<init>(Unknown Source)
	at org.hsqldb.jdbcDriver.getConnection(Unknown Source)
	at org.hsqldb.jdbcDriver.connect(Unknown Source)
	at java.sql.DriverManager.getConnection(DriverManager.java:582)
	at java.sql.DriverManager.getConnection(DriverManager.java:185)
	at com.wavemaker.runtime.data.util.JDBCUtils.getConnection(JDBCUtils.java:47)
	at com.wavemaker.runtime.data.util.JDBCUtils.testHSQLConnection(JDBCUtils.java:229)
	at com.wavemaker.tools.data.BaseDataModelSetup.testConnection(BaseDataModelSetup.java:984)
	at com.wavemaker.tools.data.DataModelManager.runImporter(DataModelManager.java:909)
	at com.wavemaker.tools.data.DataModelManager.reImport(DataModelManager.java:280)
	at com.wavemaker.tools.data.DataModelManager.reImport(DataModelManager.java:243)
	at com.wavemaker.studio.data.DataService.reImportDatabase(DataService.java:279)
	at sun.reflect.NativeMethodAccessorImpl.invoke0(Native Method)
	at sun.reflect.NativeMethodAccessorImpl.invoke(NativeMethodAccessorImpl.java:39)
	at sun.reflect.DelegatingMethodAccessorImpl.invoke(DelegatingMethodAccessorImpl.java:25)
	at java.lang.reflect.Method.invoke(Method.java:597)
	at com.wavemaker.runtime.service.reflect.ReflectServiceType.invokeMethod(ReflectServiceType.java:122)
	at com.wavemaker.runtime.server.ServerUtils.invokeMethodWithEvents(ServerUtils.java:303)
	... 31 more
2012-01-29 21:47:29,849 ERROR [com.wavemaker.runtime.server.JSONRPCController] - <SQLException: Database does not exists: file:D:\wavemaker\projects\internatJava\webapproot\data\internatDB> (session F1172B9DECED22738B821CD03B84719B, thread 44) 
com.wavemaker.common.WMRuntimeException: SQLException: Database does not exists: file:D:\wavemaker\projects\internatJava\webapproot\data\internatDB
	at com.wavemaker.runtime.server.ServerUtils.invokeMethodWithEvents(ServerUtils.java:331)
	at com.wavemaker.runtime.server.ControllerBase.invokeMethod(ControllerBase.java:269)
	at com.wavemaker.runtime.server.JSONRPCController.executeRequest(JSONRPCController.java:123)
	at com.wavemaker.runtime.server.ControllerBase.handleRequestInternal(ControllerBase.java:125)
	at org.springframework.web.servlet.mvc.AbstractController.handleRequest(AbstractController.java:153)
	at org.springframework.web.servlet.mvc.SimpleControllerHandlerAdapter.handle(SimpleControllerHandlerAdapter.java:48)
	at org.springframework.web.servlet.DispatcherServlet.doDispatch(DispatcherServlet.java:790)
	at org.springframework.web.servlet.DispatcherServlet.doService(DispatcherServlet.java:719)
	at org.springframework.web.servlet.FrameworkServlet.processRequest(FrameworkServlet.java:669)
	at org.springframework.web.servlet.FrameworkServlet.doPost(FrameworkServlet.java:585)
	at javax.servlet.http.HttpServlet.service(HttpServlet.java:637)
	at javax.servlet.http.HttpServlet.service(HttpServlet.java:717)
	at org.apache.catalina.core.ApplicationFilterChain.internalDoFilter(ApplicationFilterChain.java:290)
	at org.apache.catalina.core.ApplicationFilterChain.doFilter(ApplicationFilterChain.java:206)
	at org.acegisecurity.util.FilterChainProxy.doFilter(FilterChainProxy.java:143)
	at org.acegisecurity.util.FilterToBeanProxy.doFilter(FilterToBeanProxy.java:98)
	at org.apache.catalina.core.ApplicationFilterChain.internalDoFilter(ApplicationFilterChain.java:235)
	at org.apache.catalina.core.ApplicationFilterChain.doFilter(ApplicationFilterChain.java:206)
	at org.springframework.web.filter.CharacterEncodingFilter.doFilterInternal(CharacterEncodingFilter.java:88)
	at org.springframework.web.filter.OncePerRequestFilter.doFilter(OncePerRequestFilter.java:76)
	at org.apache.catalina.core.ApplicationFilterChain.internalDoFilter(ApplicationFilterChain.java:235)
	at org.apache.catalina.core.ApplicationFilterChain.doFilter(ApplicationFilterChain.java:206)
	at org.apache.catalina.core.StandardWrapperValve.invoke(StandardWrapperValve.java:233)
	at org.apache.catalina.core.StandardContextValve.invoke(StandardContextValve.java:191)
	at org.apache.catalina.core.StandardHostValve.invoke(StandardHostValve.java:127)
	at org.apache.catalina.valves.ErrorReportValve.invoke(ErrorReportValve.java:102)
	at org.apache.catalina.core.StandardEngineValve.invoke(StandardEngineValve.java:109)
	at org.apache.catalina.connector.CoyoteAdapter.service(CoyoteAdapter.java:298)
	at org.apache.coyote.http11.Http11Processor.process(Http11Processor.java:857)
	at org.apache.coyote.http11.Http11Protocol$Http11ConnectionHandler.process(Http11Protocol.java:588)
	at org.apache.tomcat.util.net.JIoEndpoint$Worker.run(JIoEndpoint.java:489)
	at java.lang.Thread.run(Thread.java:662)
Caused by: java.sql.SQLException: Database does not exists: file:D:\wavemaker\projects\internatJava\webapproot\data\internatDB
	at org.hsqldb.jdbc.Util.sqlException(Unknown Source)
	at org.hsqldb.jdbc.jdbcConnection.<init>(Unknown Source)
	at org.hsqldb.jdbcDriver.getConnection(Unknown Source)
	at org.hsqldb.jdbcDriver.connect(Unknown Source)
	at java.sql.DriverManager.getConnection(DriverManager.java:582)
	at java.sql.DriverManager.getConnection(DriverManager.java:185)
	at com.wavemaker.runtime.data.util.JDBCUtils.getConnection(JDBCUtils.java:47)
	at com.wavemaker.runtime.data.util.JDBCUtils.testHSQLConnection(JDBCUtils.java:229)
	at com.wavemaker.tools.data.BaseDataModelSetup.testConnection(BaseDataModelSetup.java:984)
	at com.wavemaker.tools.data.TestDBConnection.customRun(TestDBConnection.java:33)
	at com.wavemaker.tools.data.BaseDataModelSetup.run(BaseDataModelSetup.java:450)
	at com.wavemaker.studio.data.DataService.testConnection(DataService.java:319)
	at sun.reflect.NativeMethodAccessorImpl.invoke0(Native Method)
	at sun.reflect.NativeMethodAccessorImpl.invoke(NativeMethodAccessorImpl.java:39)
	at sun.reflect.DelegatingMethodAccessorImpl.invoke(DelegatingMethodAccessorImpl.java:25)
	at java.lang.reflect.Method.invoke(Method.java:597)
	at com.wavemaker.runtime.service.reflect.ReflectServiceType.invokeMethod(ReflectServiceType.java:122)
	at com.wavemaker.runtime.server.ServerUtils.invokeMethodWithEvents(ServerUtils.java:303)
	... 31 more
using D:\wavemaker\projects\internatJava\webapproot as a default project directory; please set projectRoot
checking service internatDB
checking service waveMakerService
checking service runtimeService
2012-01-29 21:47:43,364 WARN [com.wavemaker.tools.project.DeploymentManager] - <build succeeded with compiler output:

init:

prepare-webapproot:

undeploy:
 [undeploy] OK - Undeployed application at context path /internatJava
   [delete] Deleting: D:\wavemaker\projects\internatJava\internatJava.xml

copy-jars:
[copyRuntimeJarsTask] Copying 2 files to D:\wavemaker\projects\internatJava\webapproot\WEB-INF

copy-resources:
     [copy] Copying 1 file to D:\wavemaker\projects\internatJava\webapproot\WEB-INF\classes

-webxml-uptodate:

set-application-name-in-xml:

-generate-webxml-userxml:

-generate-webxml-no-userxml:

-generate-webxml-userxml-from-orig:

-generate-webxml-no-userxml-from-orig:

generate-webxml:

generate-runtime-files:

compile:
    [javac] Compiling 2 source files to D:\wavemaker\projects\internatJava\webapproot\WEB-INF\classes

build:
> (session F1172B9DECED22738B821CD03B84719B, thread 44 invoke dataService.getExportDDL) 
using D:\wavemaker\projects\internatJava\webapproot as a default project directory; please set projectRoot
checking service internatDB
checking service waveMakerService
checking service runtimeService
2012-01-29 21:47:54,471 WARN [com.wavemaker.tools.project.DeploymentManager] - <build succeeded with compiler output:

init:

prepare-webapproot:

undeploy:
 [undeploy] FAIL - No context exists for path /internatJava

copy-jars:
[copyRuntimeJarsTask] Copying 2 files to D:\wavemaker\projects\internatJava\webapproot\WEB-INF

copy-resources:

-webxml-uptodate:

set-application-name-in-xml:

-generate-webxml-userxml:

-generate-webxml-no-userxml:

-generate-webxml-userxml-from-orig:

-generate-webxml-no-userxml-from-orig:

generate-webxml:

generate-runtime-files:

compile:

build:
> (session F1172B9DECED22738B821CD03B84719B, thread 44 invoke dataService.exportDatabase) 

    drop table student if exists;

    drop table trieda if exists;

    drop table vychovavatel if exists;

    drop table vychovnaSkupina if exists;

    create table student (
        id integer generated by default as identity (start with 1),
        priezvisko varchar(255),
        meno varchar(255),
        datumNarodenia date,
        rodneCislo varchar(255),
        miestoNarodenia varchar(255),
        ulica varchar(255),
        mesto varchar(255),
        psc varchar(255),
        cisloOp varchar(255),
        telefon varchar(255),
        datumNastup date,
        datumVystup date,
        newcol integer,
        primary key (id)
    );

    create table trieda (
        id integer generated by default as identity (start with 1),
        nazov varchar(255),
        primary key (id)
    );

    create table vychovavatel (
        id integer generated by default as identity (start with 1),
        titualPred varchar(255),
        priezvisko varchar(255),
        meno varchar(255),
        primary key (id)
    );

    create table vychovnaSkupina (
        id integer generated by default as identity (start with 1),
        nazov varchar(255),
        primary key (id)
    );
2012-01-29 21:48:40,619 WARN [com.wavemaker.json.type.reflect.ReflectTypeUtils] - <Type requires generic information, but none provided for class "class java.util.Hashtable"> (session F1172B9DECED22738B821CD03B84719B, thread 44 invoke resourceFileService.getResourceFolder) 
2012-01-29 21:48:40,620 WARN [com.wavemaker.json.type.reflect.ReflectTypeUtils] - <Type requires generic information, but none provided for class "class java.util.Hashtable"> () 
2012-01-29 21:48:40,620 WARN [com.wavemaker.json.type.reflect.ReflectTypeUtils] - <Type requires generic information, but none provided for class "class java.util.Hashtable"> () 
2012-01-29 21:48:40,620 WARN [com.wavemaker.json.type.reflect.ReflectTypeUtils] - <Type requires generic information, but none provided for class "class java.util.Hashtable"> () 
2012-01-29 21:48:40,620 WARN [com.wavemaker.json.type.reflect.ReflectTypeUtils] - <Type requires generic information, but none provided for class "class java.util.Hashtable"> () 
2012-01-29 21:48:40,621 WARN [com.wavemaker.json.type.reflect.ReflectTypeUtils] - <Type requires generic information, but none provided for class "class java.util.Hashtable"> () 
2012-01-29 21:48:40,621 WARN [com.wavemaker.json.type.reflect.ReflectTypeUtils] - <Type requires generic information, but none provided for class "class java.util.Hashtable"> () 
2012-01-29 21:48:40,621 WARN [com.wavemaker.json.type.reflect.ReflectTypeUtils] - <Type requires generic information, but none provided for class "class java.util.Hashtable"> () 
2012-01-29 21:48:40,621 WARN [com.wavemaker.json.type.reflect.ReflectTypeUtils] - <Type requires generic information, but none provided for class "class java.util.Hashtable"> () 
2012-01-29 21:48:40,621 WARN [com.wavemaker.json.type.reflect.ReflectTypeUtils] - <Type requires generic information, but none provided for class "class java.util.Hashtable"> () 
2012-01-29 21:48:40,621 WARN [com.wavemaker.json.type.reflect.ReflectTypeUtils] - <Type requires generic information, but none provided for class "class java.util.Hashtable"> () 
2012-01-29 21:48:40,621 WARN [com.wavemaker.json.type.reflect.ReflectTypeUtils] - <Type requires generic information, but none provided for class "class java.util.Hashtable"> () 
2012-01-29 21:48:40,621 WARN [com.wavemaker.json.type.reflect.ReflectTypeUtils] - <Type requires generic information, but none provided for class "class java.util.Hashtable"> () 
2012-01-29 21:48:40,621 WARN [com.wavemaker.json.type.reflect.ReflectTypeUtils] - <Type requires generic information, but none provided for class "class java.util.Hashtable"> () 
2012-01-29 21:48:40,622 WARN [com.wavemaker.json.type.reflect.ReflectTypeUtils] - <Type requires generic information, but none provided for class "class java.util.Hashtable"> () 
2012-01-29 21:48:40,622 WARN [com.wavemaker.json.type.reflect.ReflectTypeUtils] - <Type requires generic information, but none provided for class "class java.util.Hashtable"> () 
2012-01-29 21:48:40,622 WARN [com.wavemaker.json.type.reflect.ReflectTypeUtils] - <Type requires generic information, but none provided for class "class java.util.Hashtable"> () 
using D:\wavemaker\projects\internatJava\webapproot as a default project directory; please set projectRoot
checking service internatDB
checking service waveMakerService
checking service runtimeService
2012-01-29 21:49:22,253 WARN [com.wavemaker.tools.project.DeploymentManager] - <build succeeded with compiler output:

init:

prepare-webapproot:

undeploy:
 [undeploy] FAIL - No context exists for path /internatJava

copy-jars:
[copyRuntimeJarsTask] Copying 2 files to D:\wavemaker\projects\internatJava\webapproot\WEB-INF

copy-resources:
     [copy] Copying 1 file to D:\wavemaker\projects\internatJava\webapproot\WEB-INF\classes

-webxml-uptodate:

set-application-name-in-xml:

-generate-webxml-userxml:

-generate-webxml-no-userxml:

-generate-webxml-userxml-from-orig:

-generate-webxml-no-userxml-from-orig:

generate-webxml:

generate-runtime-files:

compile:
    [javac] Compiling 2 source files to D:\wavemaker\projects\internatJava\webapproot\WEB-INF\classes

build:

-check-deploy-uptodate:
   [delete] Deleting: D:\wavemaker\projects\internatJava\webapproot\internatJava-deploy-test-file.txt

testrunstart:
     [echo] tomcat.manager.url=http://localhost:8094/manager
     [echo] tomcat.port=8094
 [undeploy] FAIL - No context exists for path /internatJava
   [deploy] OK - Deployed application at context path /internatJava
> (session F1172B9DECED22738B821CD03B84719B, thread 44 invoke deploymentService.testRunStart) 
using D:\wavemaker\projects\internatJava\webapproot as a default project directory; please set projectRoot
checking service internatDB
checking service waveMakerService
checking service runtimeService
2012-01-29 21:50:46,732 WARN [com.wavemaker.tools.project.DeploymentManager] - <build succeeded with compiler output:

init:

prepare-webapproot:

undeploy:
 [undeploy] OK - Undeployed application at context path /internatJava
   [delete] Deleting: D:\wavemaker\projects\internatJava\internatJava.xml

copy-jars:
[copyRuntimeJarsTask] Copying 2 files to D:\wavemaker\projects\internatJava\webapproot\WEB-INF

copy-resources:

-webxml-uptodate:

set-application-name-in-xml:

-generate-webxml-userxml:

-generate-webxml-no-userxml:

-generate-webxml-userxml-from-orig:

-generate-webxml-no-userxml-from-orig:

generate-webxml:

generate-runtime-files:

compile:

build:

-check-deploy-uptodate:
   [delete] Deleting: D:\wavemaker\projects\internatJava\webapproot\internatJava-deploy-test-file.txt

testrunstart:
     [echo] tomcat.manager.url=http://localhost:8094/manager
     [echo] tomcat.port=8094
 [undeploy] FAIL - No context exists for path /internatJava
   [deploy] OK - Deployed application at context path /internatJava
> (session F1172B9DECED22738B821CD03B84719B, thread 44 invoke deploymentService.testRunStart) 
2012-01-29 21:51:46,367 WARN [com.wavemaker.tools.project.DeploymentManager] - <build succeeded with compiler output:

init:

undeploy:
 [undeploy] OK - Undeployed application at context path /internatJava
   [delete] Deleting: D:\wavemaker\projects\internatJava\internatJava.xml
> (session F1172B9DECED22738B821CD03B84719B, thread 44 invoke studioService.closeProject) 
